This is pdfTeX, Version 3.1415926-2.4-1.40.13 (TeX Live 2012) (format=pdflatex 2013.4.20)  20 APR 2013 23:33
entering extended mode
 \write18 enabled.
 %&-line parsing enabled.
**paper.tex paper.bib
(./paper.tex
LaTeX2e <2011/06/27>
Babel <v3.8m> and hyphenation patterns for english, dumylang, nohyphenation, ge
rman-x-2012-05-30, ngerman-x-2012-05-30, afrikaans, ancientgreek, ibycus, arabi
c, armenian, basque, bulgarian, catalan, pinyin, coptic, croatian, czech, danis
h, dutch, ukenglish, usenglishmax, esperanto, estonian, ethiopic, farsi, finnis
h, french, friulan, galician, german, ngerman, swissgerman, monogreek, greek, h
ungarian, icelandic, assamese, bengali, gujarati, hindi, kannada, malayalam, ma
rathi, oriya, panjabi, tamil, telugu, indonesian, interlingua, irish, italian, 
kurmanji, latin, latvian, lithuanian, mongolian, mongolianlmc, bokmal, nynorsk,
 piedmontese, polish, portuguese, romanian, romansh, russian, sanskrit, serbian
, serbianc, slovak, slovenian, spanish, swedish, turkish, turkmen, ukrainian, u
ppersorbian, welsh, loaded.
(/usr/local/texlive/2012/texmf-dist/tex/latex/base/article.cls
Document Class: article 2007/10/19 v1.4h Standard LaTeX document class
(/usr/local/texlive/2012/texmf-dist/tex/latex/base/size12.clo
File: size12.clo 2007/10/19 v1.4h Standard LaTeX file (size option)
)
\c@part=\count79
\c@section=\count80
\c@subsection=\count81
\c@subsubsection=\count82
\c@paragraph=\count83
\c@subparagraph=\count84
\c@figure=\count85
\c@table=\count86
\abovecaptionskip=\skip41
\belowcaptionskip=\skip42
\bibindent=\dimen102
)
(/usr/local/texlive/2012/texmf-dist/tex/latex/minted/minted.sty
Package: minted 2011/09/17 v1.7 Yet another Pygments shim for LaTeX

(/usr/local/texlive/2012/texmf-dist/tex/latex/graphics/keyval.sty
Package: keyval 1999/03/16 v1.13 key=value parser (DPC)
\KV@toks@=\toks14
)
(/usr/local/texlive/2012/texmf-dist/tex/latex/fancyvrb/fancyvrb.sty
Package: fancyvrb 2008/02/07

Style option: `fancyvrb' v2.7a, with DG/SPQR fixes, and firstline=lastline fix 
<2008/02/07> (tvz)
\FV@CodeLineNo=\count87
\FV@InFile=\read1
\FV@TabBox=\box26
\c@FancyVerbLine=\count88
\FV@StepNumber=\count89
\FV@OutFile=\write3
)
(/usr/local/texlive/2012/texmf-dist/tex/latex/xcolor/xcolor.sty
Package: xcolor 2007/01/21 v2.11 LaTeX color extensions (UK)

(/usr/local/texlive/2012/texmf-dist/tex/latex/latexconfig/color.cfg
File: color.cfg 2007/01/18 v1.5 color configuration of teTeX/TeXLive
)
Package xcolor Info: Driver file: pdftex.def on input line 225.

(/usr/local/texlive/2012/texmf-dist/tex/latex/pdftex-def/pdftex.def
File: pdftex.def 2011/05/27 v0.06d Graphics/color for pdfTeX

(/usr/local/texlive/2012/texmf-dist/tex/generic/oberdiek/infwarerr.sty
Package: infwarerr 2010/04/08 v1.3 Providing info/warning/error messages (HO)
)
(/usr/local/texlive/2012/texmf-dist/tex/generic/oberdiek/ltxcmds.sty
Package: ltxcmds 2011/11/09 v1.22 LaTeX kernel commands for general use (HO)
)
\Gread@gobject=\count90
)
Package xcolor Info: Model `cmy' substituted by `cmy0' on input line 1337.
Package xcolor Info: Model `hsb' substituted by `rgb' on input line 1341.
Package xcolor Info: Model `RGB' extended on input line 1353.
Package xcolor Info: Model `HTML' substituted by `rgb' on input line 1355.
Package xcolor Info: Model `Hsb' substituted by `hsb' on input line 1356.
Package xcolor Info: Model `tHsb' substituted by `hsb' on input line 1357.
Package xcolor Info: Model `HSB' substituted by `hsb' on input line 1358.
Package xcolor Info: Model `Gray' substituted by `gray' on input line 1359.
Package xcolor Info: Model `wave' substituted by `hsb' on input line 1360.
)
(/usr/local/texlive/2012/texmf-dist/tex/latex/float/float.sty
Package: float 2001/11/08 v1.3d Float enhancements (AL)
\c@float@type=\count91
\float@exts=\toks15
\float@box=\box27
\@float@everytoks=\toks16
\@floatcapt=\box28
)
(/usr/local/texlive/2012/texmf-dist/tex/latex/base/ifthen.sty
Package: ifthen 2001/05/26 v1.1c Standard LaTeX ifthen package (DPC)
)
(/usr/local/texlive/2012/texmf-dist/tex/latex/tools/calc.sty
Package: calc 2007/08/22 v4.3 Infix arithmetic (KKT,FJ)
\calc@Acount=\count92
\calc@Bcount=\count93
\calc@Adimen=\dimen103
\calc@Bdimen=\dimen104
\calc@Askip=\skip43
\calc@Bskip=\skip44
LaTeX Info: Redefining \setlength on input line 76.
LaTeX Info: Redefining \addtolength on input line 77.
\calc@Ccount=\count94
\calc@Cskip=\skip45
)
(/usr/local/texlive/2012/texmf-dist/tex/latex/ifplatform/ifplatform.sty
Package: ifplatform 2010/10/22 v0.4 Testing for the operating system

(/usr/local/texlive/2012/texmf-dist/tex/generic/oberdiek/pdftexcmds.sty
Package: pdftexcmds 2011/11/29 v0.20 Utility functions of pdfTeX for LuaTeX (HO
)

(/usr/local/texlive/2012/texmf-dist/tex/generic/oberdiek/ifluatex.sty
Package: ifluatex 2010/03/01 v1.3 Provides the ifluatex switch (HO)
Package ifluatex Info: LuaTeX not detected.
)
(/usr/local/texlive/2012/texmf-dist/tex/generic/oberdiek/ifpdf.sty
Package: ifpdf 2011/01/30 v2.3 Provides the ifpdf switch (HO)
Package ifpdf Info: pdfTeX in PDF mode is detected.
)
Package pdftexcmds Info: LuaTeX not detected.
Package pdftexcmds Info: \pdf@primitive is available.
Package pdftexcmds Info: \pdf@ifprimitive is available.
Package pdftexcmds Info: \pdfdraftmode found.
)
(/usr/local/texlive/2012/texmf-dist/tex/generic/oberdiek/catchfile.sty
Package: catchfile 2011/03/01 v1.6 Catch the contents of a file (HO)

(/usr/local/texlive/2012/texmf-dist/tex/generic/oberdiek/etexcmds.sty
Package: etexcmds 2011/02/16 v1.5 Avoid name clashes with e-TeX commands (HO)
Package etexcmds Info: Could not find \expanded.
(etexcmds)             That can mean that you are not using pdfTeX 1.50 or
(etexcmds)             that some package has redefined \expanded.
(etexcmds)             In the latter case, load this package earlier.
))
runsystem(uname -s > "paper.w18")...executed.


(./paper.w18)
runsystem(rm -- "paper.w18")...executed.

)
\minted@bgbox=\box29
\minted@code=\write4
\@float@every@listing=\toks17
\c@listing=\count95
)
runsystem(which pygmentize && touch paper.aex)...executed.

runsystem(rm paper.aex)...executed.

 (./paper.aux)
\openout1 = `paper.aux'.

LaTeX Font Info:    Checking defaults for OML/cmm/m/it on input line 24.
LaTeX Font Info:    ... okay on input line 24.
LaTeX Font Info:    Checking defaults for T1/cmr/m/n on input line 24.
LaTeX Font Info:    ... okay on input line 24.
LaTeX Font Info:    Checking defaults for OT1/cmr/m/n on input line 24.
LaTeX Font Info:    ... okay on input line 24.
LaTeX Font Info:    Checking defaults for OMS/cmsy/m/n on input line 24.
LaTeX Font Info:    ... okay on input line 24.
LaTeX Font Info:    Checking defaults for OMX/cmex/m/n on input line 24.
LaTeX Font Info:    ... okay on input line 24.
LaTeX Font Info:    Checking defaults for U/cmr/m/n on input line 24.
LaTeX Font Info:    ... okay on input line 24.

(/usr/local/texlive/2012/texmf-dist/tex/context/base/supp-pdf.mkii
[Loading MPS to PDF converter (version 2006.09.02).]
\scratchcounter=\count96
\scratchdimen=\dimen105
\scratchbox=\box30
\nofMPsegments=\count97
\nofMParguments=\count98
\everyMPshowfont=\toks18
\MPscratchCnt=\count99
\MPscratchDim=\dimen106
\MPnumerator=\count100
\makeMPintoPDFobject=\count101
\everyMPtoPDFconversion=\toks19
)
runsystem(pygmentize -S default -f latex > paper.pyg)...executed.

 (./paper.pyg)
LaTeX Font Info:    External font `cmex10' loaded for size
(Font)              <14.4> on input line 26.
LaTeX Font Info:    External font `cmex10' loaded for size
(Font)              <7> on input line 26.
 [1

{/usr/local/texlive/2012/texmf-var/fonts/map/pdftex/updmap/pdftex.map}] (./pape
r.toc
LaTeX Font Info:    External font `cmex10' loaded for size
(Font)              <12> on input line 2.
LaTeX Font Info:    External font `cmex10' loaded for size
(Font)              <8> on input line 2.
LaTeX Font Info:    External font `cmex10' loaded for size
(Font)              <6> on input line 2.
)
\tf@toc=\write5
\openout5 = `paper.toc'.

 [1]
Missing character: There is no â in font cmr12!
Missing character: There is no € in font cmr12!
Missing character: There is no ™ in font cmr12!


LaTeX Warning: Citation `learnyouahaskell' on page 2 undefined on input line 46
.

\openout3 = `paper.pyg'.

runsystem(pygmentize -l haskell -f latex -F tokenmerge             -P "verbopti
ons= " -o paper.out.pyg paper.pyg)...executed.

(./paper.out.pyg [2]
LaTeX Font Info:    Font shape `OT1/cmtt/bx/n' in size <12> not available
(Font)              Font shape `OT1/cmtt/m/n' tried instead on input line 2.
)
runsystem(rm paper.out.pyg)...executed.

runsystem(rm paper.pyg)...executed.

\openout3 = `paper.pyg'.

runsystem(pygmentize -l haskell -f latex -F tokenmerge             -P "verbopti
ons= " -o paper.out.pyg paper.pyg)...executed.

 (./paper.out.pyg)
runsystem(rm paper.out.pyg)...executed.

runsystem(rm paper.pyg)...executed.

\openout3 = `paper.pyg'.

runsystem(pygmentize -l haskell -f latex -F tokenmerge             -P "verbopti
ons= " -o paper.out.pyg paper.pyg)...executed.

 (./paper.out.pyg)
runsystem(rm paper.out.pyg)...executed.

runsystem(rm paper.pyg)...executed.

 [3]
\openout3 = `paper.pyg'.

runsystem(pygmentize -l haskell -f latex -F tokenmerge             -P "verbopti
ons= " -o paper.out.pyg paper.pyg)...executed.

 (./paper.out.pyg)
runsystem(rm paper.out.pyg)...executed.

runsystem(rm paper.pyg)...executed.

\openout3 = `paper.pyg'.

runsystem(pygmentize -l haskell -f latex -F tokenmerge             -P "verbopti
ons= " -o paper.out.pyg paper.pyg)...executed.

(./paper.out.pyg)
runsystem(rm paper.out.pyg)...executed.

runsystem(rm paper.pyg)...executed.

\openout3 = `paper.pyg'.

runsystem(pygmentize -l haskell -f latex -F tokenmerge             -P "verbopti
ons= " -o paper.out.pyg paper.pyg)...executed.

 (./paper.out.pyg)
runsystem(rm paper.out.pyg)...executed.

runsystem(rm paper.pyg)...executed.

 [4]
\openout3 = `paper.pyg'.

runsystem(pygmentize -l haskell -f latex -F tokenmerge             -P "verbopti
ons= " -o paper.out.pyg paper.pyg)...executed.

 (./paper.out.pyg)
runsystem(rm paper.out.pyg)...executed.

runsystem(rm paper.pyg)...executed.

LaTeX Font Info:    Try loading font information for OMS+cmr on input line 116.


(/usr/local/texlive/2012/texmf-dist/tex/latex/base/omscmr.fd
File: omscmr.fd 1999/05/25 v2.5h Standard LaTeX font definitions
)
LaTeX Font Info:    Font shape `OMS/cmr/m/n' in size <12> not available
(Font)              Font shape `OMS/cmsy/m/n' tried instead on input line 116.
\openout3 = `paper.pyg'.

runsystem(pygmentize -l haskell -f latex -F tokenmerge             -P "verbopti
ons= " -o paper.out.pyg paper.pyg)...executed.

 (./paper.out.pyg)
runsystem(rm paper.out.pyg)...executed.

runsystem(rm paper.pyg)...executed.

\openout3 = `paper.pyg'.

runsystem(pygmentize -l haskell -f latex -F tokenmerge             -P "verbopti
ons= " -o paper.out.pyg paper.pyg)...executed.

(./paper.out.pyg)
runsystem(rm paper.out.pyg)...executed.

runsystem(rm paper.pyg)...executed.

\openout3 = `paper.pyg'.

runsystem(pygmentize -l haskell -f latex -F tokenmerge             -P "verbopti
ons= " -o paper.out.pyg paper.pyg)...executed.

 (./paper.out.pyg)
runsystem(rm paper.out.pyg)...executed.

runsystem(rm paper.pyg)...executed.

 [5]
\openout3 = `paper.pyg'.

runsystem(pygmentize -l haskell -f latex -F tokenmerge             -P "verbopti
ons= " -o paper.out.pyg paper.pyg)...executed.

 (./paper.out.pyg)
runsystem(rm paper.out.pyg)...executed.

runsystem(rm paper.pyg)...executed.

\openout3 = `paper.pyg'.

runsystem(pygmentize -l haskell -f latex -F tokenmerge             -P "verbopti
ons= " -o paper.out.pyg paper.pyg)...executed.

 (./paper.out.pyg)
runsystem(rm paper.out.pyg)...executed.

runsystem(rm paper.pyg)...executed.

\openout3 = `paper.pyg'.

runsystem(pygmentize -l haskell -f latex -F tokenmerge             -P "verbopti
ons= " -o paper.out.pyg paper.pyg)...executed.


(./paper.out.pyg)
runsystem(rm paper.out.pyg)...executed.

runsystem(rm paper.pyg)...executed.

\openout3 = `paper.pyg'.

runsystem(pygmentize -l haskell -f latex -F tokenmerge             -P "verbopti
ons= " -o paper.out.pyg paper.pyg)...executed.

 (./paper.out.pyg)
runsystem(rm paper.out.pyg)...executed.

runsystem(rm paper.pyg)...executed.

\openout3 = `paper.pyg'.

runsystem(pygmentize -l haskell -f latex -F tokenmerge             -P "verbopti
ons= " -o paper.out.pyg paper.pyg)...executed.

 (./paper.out.pyg)
runsystem(rm paper.out.pyg)...executed.

runsystem(rm paper.pyg)...executed.

\openout3 = `paper.pyg'.

runsystem(pygmentize -l haskell -f latex -F tokenmerge             -P "verbopti
ons= " -o paper.out.pyg paper.pyg)...executed.

 (./paper.out.pyg [6])
runsystem(rm paper.out.pyg)...executed.

runsystem(rm paper.pyg)...executed.

\openout3 = `paper.pyg'.

runsystem(pygmentize -l haskell -f latex -F tokenmerge             -P "verbopti
ons= " -o paper.out.pyg paper.pyg)...executed.


(./paper.out.pyg)
runsystem(rm paper.out.pyg)...executed.

runsystem(rm paper.pyg)...executed.

\openout3 = `paper.pyg'.

runsystem(pygmentize -l haskell -f latex -F tokenmerge             -P "verbopti
ons= " -o paper.out.pyg paper.pyg)...executed.

 (./paper.out.pyg)
runsystem(rm paper.out.pyg)...executed.

runsystem(rm paper.pyg)...executed.


No file paper.bbl.
[7] [8] (./paper.aux)

LaTeX Warning: There were undefined references.

 ) 
Here is how much of TeX's memory you used:
 2432 strings out of 493481
 33186 string characters out of 3140965
 91787 words of memory out of 3000000
 5695 multiletter control sequences out of 15000+200000
 9145 words of font info for 33 fonts, out of 3000000 for 9000
 957 hyphenation exceptions out of 8191
 37i,6n,37p,957b,322s stack positions out of 5000i,500n,10000p,200000b,50000s
</usr/local/texlive/2012/texmf-dist/fonts/type1/public/amsfonts/cm/cmbx12.pfb
></usr/local/texlive/2012/texmf-dist/fonts/type1/public/amsfonts/cm/cmitt10.pfb
></usr/local/texlive/2012/texmf-dist/fonts/type1/public/amsfonts/cm/cmr12.pfb><
/usr/local/texlive/2012/texmf-dist/fonts/type1/public/amsfonts/cm/cmr17.pfb></u
sr/local/texlive/2012/texmf-dist/fonts/type1/public/amsfonts/cm/cmsy10.pfb></us
r/local/texlive/2012/texmf-dist/fonts/type1/public/amsfonts/cm/cmtt12.pfb>
Output written on paper.pdf (9 pages, 82055 bytes).
PDF statistics:
 58 PDF objects out of 1000 (max. 8388607)
 40 compressed objects within 1 object stream
 0 named destinations out of 1000 (max. 500000)
 1 words of extra memory for PDF output out of 10000 (max. 10000000)

